# JRE version: OpenJDK Runtime Environment (8.0_181-b13) (build 1.8.0_181-8u181-b13-0ubuntu0.16.04.1-b13)
# Java VM: OpenJDK 64-Bit Server VM (25.181-b13 mixed mode linux-amd64 compressed oops)
Heap:
 PSYoungGen      total 245248K, used 18930K [0x00000000ec100000, 0x00000000fca80000, 0x0000000100000000)
  eden space 226304K, 0% used [0x00000000ec100000,0x00000000ec100000,0x00000000f9e00000)
  from space 18944K, 99% used [0x00000000f9e00000,0x00000000fb07c878,0x00000000fb080000)
  to   space 16384K, 0% used [0x00000000fb080000,0x00000000fb080000,0x00000000fc080000)
 ParOldGen       total 68096K, used 28954K [0x00000000c4200000, 0x00000000c8480000, 0x00000000ec100000)
  object space 68096K, 42% used [0x00000000c4200000,0x00000000c5e46918,0x00000000c8480000)
 Metaspace       used 48699K, capacity 49334K, committed 49704K, reserved 1093632K
  class space    used 5930K, capacity 6065K, committed 6184K, reserved 1048576K
GC Heap History (10 events):
Event: 10,024 GC heap after
Heap after GC invocations=12 (full 1):
 PSYoungGen      total 189952K, used 8683K [0x00000000ec100000, 0x00000000f8900000, 0x0000000100000000)
  eden space 181248K, 0% used [0x00000000ec100000,0x00000000ec100000,0x00000000f7200000)
  from space 8704K, 99% used [0x00000000f7b00000,0x00000000f837ad08,0x00000000f8380000)
  to   space 5632K, 0% used [0x00000000f8380000,0x00000000f8380000,0x00000000f8900000)
 ParOldGen       total 34304K, used 12903K [0x00000000c4200000, 0x00000000c6380000, 0x00000000ec100000)
  object space 34304K, 37% used [0x00000000c4200000,0x00000000c4e99d60,0x00000000c6380000)
 Metaspace       used 29825K, capacity 30230K, committed 30384K, reserved 1075200K
  class space    used 3613K, capacity 3715K, committed 3760K, reserved 1048576K
}
Event: 12,498 GC heap before
{Heap before GC invocations=13 (full 1):
 PSYoungGen      total 189952K, used 94896K [0x00000000ec100000, 0x00000000f8900000, 0x0000000100000000)
  eden space 181248K, 47% used [0x00000000ec100000,0x00000000f15314c0,0x00000000f7200000)
  from space 8704K, 99% used [0x00000000f7b00000,0x00000000f837ad08,0x00000000f8380000)
  to   space 5632K, 0% used [0x00000000f8380000,0x00000000f8380000,0x00000000f8900000)
 ParOldGen       total 34304K, used 12903K [0x00000000c4200000, 0x00000000c6380000, 0x00000000ec100000)
  object space 34304K, 37% used [0x00000000c4200000,0x00000000c4e99d60,0x00000000c6380000)
 Metaspace       used 34831K, capacity 35214K, committed 35496K, reserved 1081344K
  class space    used 4293K, capacity 4405K, committed 4520K, reserved 1048576K
Event: 12,573 GC heap after
Heap after GC invocations=13 (full 1):
 PSYoungGen      total 189952K, used 5616K [0x00000000ec100000, 0x00000000fb680000, 0x0000000100000000)
  eden space 184320K, 0% used [0x00000000ec100000,0x00000000ec100000,0x00000000f7500000)
  from space 5632K, 99% used [0x00000000f8380000,0x00000000f88fc020,0x00000000f8900000)
  to   space 14848K, 0% used [0x00000000f7500000,0x00000000f7500000,0x00000000f8380000)
 ParOldGen       total 34304K, used 22700K [0x00000000c4200000, 0x00000000c6380000, 0x00000000ec100000)
  object space 34304K, 66% used [0x00000000c4200000,0x00000000c582b1d8,0x00000000c6380000)
 Metaspace       used 34831K, capacity 35214K, committed 35496K, reserved 1081344K
  class space    used 4293K, capacity 4405K, committed 4520K, reserved 1048576K
}
Event: 12,573 GC heap before
{Heap before GC invocations=14 (full 2):
 PSYoungGen      total 189952K, used 5616K [0x00000000ec100000, 0x00000000fb680000, 0x0000000100000000)
  eden space 184320K, 0% used [0x00000000ec100000,0x00000000ec100000,0x00000000f7500000)
  from space 5632K, 99% used [0x00000000f8380000,0x00000000f88fc020,0x00000000f8900000)
  to   space 14848K, 0% used [0x00000000f7500000,0x00000000f7500000,0x00000000f8380000)
 ParOldGen       total 34304K, used 22700K [0x00000000c4200000, 0x00000000c6380000, 0x00000000ec100000)
  object space 34304K, 66% used [0x00000000c4200000,0x00000000c582b1d8,0x00000000c6380000)
 Metaspace       used 34831K, capacity 35214K, committed 35496K, reserved 1081344K
  class space    used 4293K, capacity 4405K, committed 4520K, reserved 1048576K
Event: 12,770 GC heap after
Heap after GC invocations=14 (full 2):
 PSYoungGen      total 189952K, used 0K [0x00000000ec100000, 0x00000000fb680000, 0x0000000100000000)
  eden space 184320K, 0% used [0x00000000ec100000,0x00000000ec100000,0x00000000f7500000)
  from space 5632K, 0% used [0x00000000f8380000,0x00000000f8380000,0x00000000f8900000)
  to   space 14848K, 0% used [0x00000000f7500000,0x00000000f7500000,0x00000000f8380000)
 ParOldGen       total 68096K, used 23553K [0x00000000c4200000, 0x00000000c8480000, 0x00000000ec100000)
  object space 68096K, 34% used [0x00000000c4200000,0x00000000c59004e0,0x00000000c8480000)
 Metaspace       used 34831K, capacity 35214K, committed 35496K, reserved 1081344K
  class space    used 4293K, capacity 4405K, committed 4520K, reserved 1048576K
}
Event: 18,748 GC heap before
{Heap before GC invocations=15 (full 2):
 PSYoungGen      total 189952K, used 184320K [0x00000000ec100000, 0x00000000fb680000, 0x0000000100000000)
  eden space 184320K, 100% used [0x00000000ec100000,0x00000000f7500000,0x00000000f7500000)
  from space 5632K, 0% used [0x00000000f8380000,0x00000000f8380000,0x00000000f8900000)
  to   space 14848K, 0% used [0x00000000f7500000,0x00000000f7500000,0x00000000f8380000)
 ParOldGen       total 68096K, used 23553K [0x00000000c4200000, 0x00000000c8480000, 0x00000000ec100000)
  object space 68096K, 34% used [0x00000000c4200000,0x00000000c59004e0,0x00000000c8480000)
 Metaspace       used 43764K, capacity 44212K, committed 44712K, reserved 1089536K
  class space    used 5328K, capacity 5446K, committed 5544K, reserved 1048576K
Event: 18,827 GC heap after
Heap after GC invocations=15 (full 2):
 PSYoungGen      total 199168K, used 13132K [0x00000000ec100000, 0x00000000fc080000, 0x0000000100000000)
  eden space 184320K, 0% used [0x00000000ec100000,0x00000000ec100000,0x00000000f7500000)
  from space 14848K, 88% used [0x00000000f7500000,0x00000000f81d33e8,0x00000000f8380000)
  to   space 16384K, 0% used [0x00000000fb080000,0x00000000fb080000,0x00000000fc080000)
 ParOldGen       total 68096K, used 23561K [0x00000000c4200000, 0x00000000c8480000, 0x00000000ec100000)
  object space 68096K, 34% used [0x00000000c4200000,0x00000000c59024e0,0x00000000c8480000)
 Metaspace       used 43764K, capacity 44212K, committed 44712K, reserved 1089536K
  class space    used 5328K, capacity 5446K, committed 5544K, reserved 1048576K
}
Event: 20,321 GC heap before
{Heap before GC invocations=16 (full 2):
 PSYoungGen      total 199168K, used 197452K [0x00000000ec100000, 0x00000000fc080000, 0x0000000100000000)
  eden space 184320K, 100% used [0x00000000ec100000,0x00000000f7500000,0x00000000f7500000)
  from space 14848K, 88% used [0x00000000f7500000,0x00000000f81d33e8,0x00000000f8380000)
  to   space 16384K, 0% used [0x00000000fb080000,0x00000000fb080000,0x00000000fc080000)
 ParOldGen       total 68096K, used 23561K [0x00000000c4200000, 0x00000000c8480000, 0x00000000ec100000)
  object space 68096K, 34% used [0x00000000c4200000,0x00000000c59024e0,0x00000000c8480000)
 Metaspace       used 44672K, capacity 45114K, committed 45480K, reserved 1089536K
  class space    used 5382K, capacity 5511K, committed 5544K, reserved 1048576K
Event: 20,381 GC heap after
Heap after GC invocations=16 (full 2):
 PSYoungGen      total 242688K, used 15632K [0x00000000ec100000, 0x00000000fca80000, 0x0000000100000000)
  eden space 226304K, 0% used [0x00000000ec100000,0x00000000ec100000,0x00000000f9e00000)
  from space 16384K, 95% used [0x00000000fb080000,0x00000000fbfc43b0,0x00000000fc080000)
  to   space 18944K, 0% used [0x00000000f9e00000,0x00000000f9e00000,0x00000000fb080000)
 ParOldGen       total 68096K, used 23577K [0x00000000c4200000, 0x00000000c8480000, 0x00000000ec100000)
  object space 68096K, 34% used [0x00000000c4200000,0x00000000c59064e0,0x00000000c8480000)
 Metaspace       used 44672K, capacity 45114K, committed 45480K, reserved 1089536K
  class space    used 5382K, capacity 5511K, committed 5544K, reserved 1048576K
}
Event: 38,810 GC heap before
{Heap before GC invocations=17 (full 2):
 PSYoungGen      total 242688K, used 241936K [0x00000000ec100000, 0x00000000fca80000, 0x0000000100000000)
  eden space 226304K, 100% used [0x00000000ec100000,0x00000000f9e00000,0x00000000f9e00000)
  from space 16384K, 95% used [0x00000000fb080000,0x00000000fbfc43b0,0x00000000fc080000)
  to   space 18944K, 0% used [0x00000000f9e00000,0x00000000f9e00000,0x00000000fb080000)
 ParOldGen       total 68096K, used 23577K [0x00000000c4200000, 0x00000000c8480000, 0x00000000ec100000)
  object space 68096K, 34% used [0x00000000c4200000,0x00000000c59064e0,0x00000000c8480000)
 Metaspace       used 48699K, capacity 49334K, committed 49704K, reserved 1093632K
  class space    used 5930K, capacity 6065K, committed 6184K, reserved 1048576K

